Started at Wed Sep 22 02:02:09 UTC 2021
Processing c_build_project
Offering c_build_project to Project Build Discarder
Processing job2
Offering job2 to Project Build Discarder
Finished at Wed Sep 22 02:02:09 UTC 2021. 6ms
Started at Wed Sep 22 03:02:09 UTC 2021
Processing c_build_project
Offering c_build_project to Project Build Discarder
Processing job2
Offering job2 to Project Build Discarder
Finished at Wed Sep 22 03:02:09 UTC 2021. 1ms
Started at Wed Sep 22 04:02:09 UTC 2021
Processing c_build_project
Offering c_build_project to Project Build Discarder
Processing job2
Offering job2 to Project Build Discarder
Finished at Wed Sep 22 04:02:09 UTC 2021. 0ms
Started at Wed Sep 22 05:02:09 UTC 2021
Processing c_build_project
Offering c_build_project to Project Build Discarder
Processing job2
Offering job2 to Project Build Discarder
Finished at Wed Sep 22 05:02:09 UTC 2021. 0ms
Started at Wed Sep 22 06:02:09 UTC 2021
Processing c_build_project
Offering c_build_project to Project Build Discarder
Processing job2
Offering job2 to Project Build Discarder
Finished at Wed Sep 22 06:02:09 UTC 2021. 1ms
Started at Wed Sep 22 07:02:09 UTC 2021
Processing c_build_project
Offering c_build_project to Project Build Discarder
Processing job2
Offering job2 to Project Build Discarder
Finished at Wed Sep 22 07:02:09 UTC 2021. 0ms
Started at Wed Sep 22 08:02:09 UTC 2021
Processing c_build_project
Offering c_build_project to Project Build Discarder
Processing job2
Offering job2 to Project Build Discarder
Finished at Wed Sep 22 08:02:09 UTC 2021. 0ms
Started at Wed Sep 22 09:02:09 UTC 2021
Processing c_build_project
Offering c_build_project to Project Build Discarder
Processing job2
Offering job2 to Project Build Discarder
Finished at Wed Sep 22 09:02:09 UTC 2021. 0ms
Started at Wed Sep 22 10:02:09 UTC 2021
Processing c_build_project
Offering c_build_project to Project Build Discarder
Processing job2
Offering job2 to Project Build Discarder
Finished at Wed Sep 22 10:02:09 UTC 2021. 0ms
Started at Wed Sep 22 11:02:09 UTC 2021
Processing c_build_project
Offering c_build_project to Project Build Discarder
Processing job2
Offering job2 to Project Build Discarder
Finished at Wed Sep 22 11:02:09 UTC 2021. 7ms
Started at Wed Sep 22 12:02:09 UTC 2021
Processing c_build_project
Offering c_build_project to Project Build Discarder
Processing job2
Offering job2 to Project Build Discarder
Finished at Wed Sep 22 12:02:09 UTC 2021. 11ms
Started at Wed Sep 22 13:02:09 UTC 2021
Processing c_build_project
Offering c_build_project to Project Build Discarder
Processing job2
Offering job2 to Project Build Discarder
Finished at Wed Sep 22 13:02:09 UTC 2021. 0ms
